<?xml version="1.0" encoding="UTF-8"?>
<testsuite name="RaceCounterTest" tests="3" skipped="0" failures="0" errors="0" timestamp="2024-07-13T13:07:55" hostname="RUTUJ-HP" time="0.233">
  <properties/>
  <testcase name="startCounter_threadsRunning_2008()" classname="RaceCounterTest" time="0.223"/>
  <testcase name="getCounter_2000Threads_2000()" classname="RaceCounterTest" time="0.007"/>
  <testcase name="counter_isAtomicInteger()" classname="RaceCounterTest" time="0.001"/>
  <system-out><![CDATA[]]></system-out>
  <system-err><![CDATA[]]></system-err>
</testsuite>
